  源.cpp
e:\各种各样奇奇怪怪的文件\c语言\最终\计算器6.0\计算器4.0\源.cpp(150): warning C4244: “参数”: 从“double”转换到“int”，可能丢失数据
e:\各种各样奇奇怪怪的文件\c语言\最终\计算器6.0\计算器4.0\源.cpp(398): warning C4018: “<”: 有符号/无符号不匹配
e:\各种各样奇奇怪怪的文件\c语言\最终\计算器6.0\计算器4.0\源.cpp(294): warning C4996: 'swprintf': function has been changed to conform with the ISO C standard, adding an extra character count parameter. To use the traditional Microsoft version, set _CRT_NON_CONFORMING_SWPRINTFS.
  c:\program files (x86)\windows kits\10\include\10.0.17763.0\ucrt\corecrt_wstdio.h(1822): note: 参见“swprintf”的声明
e:\各种各样奇奇怪怪的文件\c语言\最终\计算器6.0\计算器4.0\源.cpp(309): warning C4996: 'swprintf': function has been changed to conform with the ISO C standard, adding an extra character count parameter. To use the traditional Microsoft version, set _CRT_NON_CONFORMING_SWPRINTFS.
  c:\program files (x86)\windows kits\10\include\10.0.17763.0\ucrt\corecrt_wstdio.h(1822): note: 参见“swprintf”的声明
e:\各种各样奇奇怪怪的文件\c语言\最终\计算器6.0\计算器4.0\源.cpp(325): warning C4996: 'swprintf': function has been changed to conform with the ISO C standard, adding an extra character count parameter. To use the traditional Microsoft version, set _CRT_NON_CONFORMING_SWPRINTFS.
  c:\program files (x86)\windows kits\10\include\10.0.17763.0\ucrt\corecrt_wstdio.h(1822): note: 参见“swprintf”的声明
e:\各种各样奇奇怪怪的文件\c语言\最终\计算器6.0\计算器4.0\源.cpp(344): warning C4996: 'swprintf': function has been changed to conform with the ISO C standard, adding an extra character count parameter. To use the traditional Microsoft version, set _CRT_NON_CONFORMING_SWPRINTFS.
  c:\program files (x86)\windows kits\10\include\10.0.17763.0\ucrt\corecrt_wstdio.h(1822): note: 参见“swprintf”的声明
e:\各种各样奇奇怪怪的文件\c语言\最终\计算器6.0\计算器4.0\源.cpp(357): warning C4996: 'swprintf': function has been changed to conform with the ISO C standard, adding an extra character count parameter. To use the traditional Microsoft version, set _CRT_NON_CONFORMING_SWPRINTFS.
  c:\program files (x86)\windows kits\10\include\10.0.17763.0\ucrt\corecrt_wstdio.h(1822): note: 参见“swprintf”的声明
e:\各种各样奇奇怪怪的文件\c语言\最终\计算器6.0\计算器4.0\源.cpp(376): warning C4996: 'swprintf': function has been changed to conform with the ISO C standard, adding an extra character count parameter. To use the traditional Microsoft version, set _CRT_NON_CONFORMING_SWPRINTFS.
  c:\program files (x86)\windows kits\10\include\10.0.17763.0\ucrt\corecrt_wstdio.h(1822): note: 参见“swprintf”的声明
e:\各种各样奇奇怪怪的文件\c语言\最终\计算器6.0\计算器4.0\源.cpp(387): warning C4996: 'swprintf': function has been changed to conform with the ISO C standard, adding an extra character count parameter. To use the traditional Microsoft version, set _CRT_NON_CONFORMING_SWPRINTFS.
  c:\program files (x86)\windows kits\10\include\10.0.17763.0\ucrt\corecrt_wstdio.h(1822): note: 参见“swprintf”的声明
e:\各种各样奇奇怪怪的文件\c语言\最终\计算器6.0\计算器4.0\源.cpp(437): warning C4996: 'swprintf': function has been changed to conform with the ISO C standard, adding an extra character count parameter. To use the traditional Microsoft version, set _CRT_NON_CONFORMING_SWPRINTFS.
  c:\program files (x86)\windows kits\10\include\10.0.17763.0\ucrt\corecrt_wstdio.h(1822): note: 参见“swprintf”的声明
e:\各种各样奇奇怪怪的文件\c语言\最终\计算器6.0\计算器4.0\源.cpp(508): warning C4018: “<”: 有符号/无符号不匹配
e:\各种各样奇奇怪怪的文件\c语言\最终\计算器6.0\计算器4.0\源.cpp(512): warning C4018: “<”: 有符号/无符号不匹配
e:\各种各样奇奇怪怪的文件\c语言\最终\计算器6.0\计算器4.0\源.cpp(516): warning C4018: “<”: 有符号/无符号不匹配
e:\各种各样奇奇怪怪的文件\c语言\最终\计算器6.0\计算器4.0\源.cpp(518): warning C4244: “=”: 从“double”转换到“float”，可能丢失数据
e:\各种各样奇奇怪怪的文件\c语言\最终\计算器6.0\计算器4.0\源.cpp(522): warning C4018: “<=”: 有符号/无符号不匹配
e:\各种各样奇奇怪怪的文件\c语言\最终\计算器6.0\计算器4.0\源.cpp(524): warning C4244: “=”: 从“double”转换到“float”，可能丢失数据
e:\各种各样奇奇怪怪的文件\c语言\最终\计算器6.0\计算器4.0\源.cpp(507): warning C4101: “x”: 未引用的局部变量
e:\各种各样奇奇怪怪的文件\c语言\最终\计算器6.0\计算器4.0\源.cpp(590): warning C4018: “<”: 有符号/无符号不匹配
e:\各种各样奇奇怪怪的文件\c语言\最终\计算器6.0\计算器4.0\源.cpp(819): warning C4018: “<”: 有符号/无符号不匹配
e:\各种各样奇奇怪怪的文件\c语言\最终\计算器6.0\计算器4.0\源.cpp(851): warning C4305: “初始化”: 从“double”到“float”截断
e:\各种各样奇奇怪怪的文件\c语言\最终\计算器6.0\计算器4.0\源.cpp(982): warning C4018: “<”: 有符号/无符号不匹配
e:\各种各样奇奇怪怪的文件\c语言\最终\计算器6.0\计算器4.0\源.cpp(1009): warning C4101: “wrongvalue”: 未引用的局部变量
e:\各种各样奇奇怪怪的文件\c语言\最终\计算器6.0\计算器4.0\源.cpp(1035): warning C4018: “<”: 有符号/无符号不匹配
e:\各种各样奇奇怪怪的文件\c语言\最终\计算器6.0\计算器4.0\源.cpp(1064): warning C4018: “<”: 有符号/无符号不匹配
e:\各种各样奇奇怪怪的文件\c语言\最终\计算器6.0\计算器4.0\源.cpp(1075): warning C4101: “q”: 未引用的局部变量
e:\各种各样奇奇怪怪的文件\c语言\最终\计算器6.0\计算器4.0\源.cpp(1231): warning C4018: “<”: 有符号/无符号不匹配
e:\各种各样奇奇怪怪的文件\c语言\最终\计算器6.0\计算器4.0\源.cpp(1246): warning C4018: “<”: 有符号/无符号不匹配
e:\各种各样奇奇怪怪的文件\c语言\最终\计算器6.0\计算器4.0\源.cpp(502): warning C4715: “Priority”: 不是所有的控件路径都返回值
e:\各种各样奇奇怪怪的文件\c语言\最终\计算器6.0\计算器4.0\源.cpp(1259): warning C4715: “findFalse2”: 不是所有的控件路径都返回值
  计算器4.0.vcxproj -> E:\各种各样奇奇怪怪的文件\C语言\最终\计算器6.0\Debug\计算器4.0.exe
